HGE Started..

HGE version: 1.80
Date: 12.10.2014, 23:18:25

Application: POPTA
OS: Windows 6.2.9200
Memory: 3773932K total, 972308K free

D3D Driver: nvumdshim.dll
Description: Intel(R) HD Graphics 3000
Version: 9.18.13.2762
Can't find appropriate full screen video mode
Mode: 800 x 800 x UNKNOWN

Init done.

Can't load resource: 0.png
Can't load resource: 0.png
Can't load resource: 0.png
Can't load resource: 0.png
Can't load resource: 0.png
Can't load resource: 0.png
Can't load resource: 0.png
Can't load resource: 0.png
Can't load resource: 0.png
Can't load resource: 0.png
Can't load resource: 0.png
Can't load resource: 0.png
Can't load resource: 0.png
Can't load resource: 0.png
Can't load resource: 0.png
Can't load resource: 0.png
Can't load resource: 0.png
Can't load resource: 0.png
Can't load resource: 0.png
Can't load resource: 0.png
Can't load resource: 0.png
Can't load resource: 0.png
Can't load resource: 0.png
Can't load resource: 0.png
Can't load resource: 0.png
Can't load resource: 0.png
Can't load resource: 0.png
Can't load resource: 0.png
Can't load resource: 0.png
Can't load resource: 0.png
Can't load resource: 0.png
Can't load resource: 0.png
Can't load resource: 0.png
Can't load resource: 0.png
Can't load resource: 0.png
Can't load resource: 0.png
Can't load resource: 0.png
Can't load resource: 0.png
Can't load resource: 0.png
Can't load resource: 0.png
Can't load resource: 0.png
Can't load resource: 0.png
Can't load resource: 0.png
Can't load resource: 0.png
Can't load resource: 0.png
Can't load resource: 0.png
Can't load resource: 0.png
Can't load resource: 0.png
Can't load resource: 0.png
Can't load resource: 0.png
Can't load resource: 0.png
Can't load resource: 0.png
Can't load resource: 0.png
Can't load resource: 0.png
Can't load resource: 0.png
Can't load resource: 0.png
Can't load resource: 0.png
Can't load resource: 0.png
Can't load resource: 0.png
Can't load resource: 0.png
Can't load resource: 0.png
Can't load resource: 0.png
Can't load resource: 0.png
Can't load resource: 0.png
Can't load resource: 0.png
Can't load resource: 0.png
Can't load resource: 0.png
Can't load resource: 0.png
Can't load resource: 0.png
Can't load resource: 0.png
Can't load resource: 0.png
Can't load resource: 0.png
Can't load resource: 0.png
Can't load resource: 0.png
Can't load resource: 0.png
Can't load resource: 0.png
Can't load resource: 0.png
Can't load resource: 0.png
Can't load resource: 0.png
Can't load resource: 0.png
Can't load resource: 0.png
Can't load resource: 0.png
Can't load resource: 0.png
Can't load resource: 0.png
Can't load resource: 0.png
Can't load resource: 0.png
Can't load resource: 0.png
Can't load resource: 0.png
Can't load resource: 0.png
Can't load resource: 0.png
Can't load resource: 0.png
Can't load resource: 0.png
Can't load resource: 0.png
Can't load resource: 0.png
Can't load resource: 0.png
Can't load resource: 0.png
Can't load resource: 0.png
Can't load resource: 0.png
Can't load resource: 0.png
Can't load resource: 0.png
Can't load resource: 0.png
Can't load resource: 0.png
Can't load resource: 0.png
Can't load resource: 0.png
Can't load resource: 0.png
Can't load resource: 0.png
Can't load resource: 0.png
Can't load resource: 0.png
Can't load resource: 0.png
Can't load resource: 0.png
Can't load resource: 0.png
Can't load resource: 0.png
Can't load resource: 0.png
Can't load resource: 0.png
Can't load resource: 0.png
Can't load resource: 0.png
Can't load resource: 0.png
Can't load resource: 0.png
Can't load resource: 0.png
Can't load resource: 0.png
Can't load resource: 0.png
Can't load resource: 0.png
Can't load resource: 0.png
Can't load resource: 0.png
Can't load resource: 0.png
Can't load resource: 0.png
Can't load resource: 0.png
Can't load resource: 0.png
Can't load resource: 0.png
Can't load resource: 0.png
Can't load resource: 0.png
Can't load resource: 0.png
Can't load resource: 0.png
Can't load resource: 0.png
Can't load resource: 0.png
Can't load resource: 0.png
Can't load resource: 0.png
Can't load resource: 0.png
Can't load resource: 0.png
Can't load resource: 0.png
Can't load resource: 0.png
Can't load resource: 0.png
Can't load resource: 0.png
Can't load resource: 0.png
Can't load resource: 0.png
Can't load resource: 0.png
Can't load resource: 0.png
Can't load resource: 0.png
Can't load resource: 0.png
Can't load resource: 0.png
Can't load resource: 0.png
Can't load resource: 0.png
Can't load resource: 0.png
Can't load resource: 0.png
Can't load resource: 0.png
Can't load resource: 0.png
Can't load resource: 0.png
Can't load resource: 0.png
Can't load resource: 0.png
Can't load resource: 0.png
Can't load resource: 0.png
Can't load resource: 0.png
Can't load resource: 0.png
Can't load resource: 0.png
Can't load resource: 0.png
Can't load resource: 0.png
Can't load resource: 0.png
Can't load resource: 0.png
Can't load resource: 0.png
Can't load resource: 0.png
Can't load resource: 0.png
Can't load resource: 0.png
Can't load resource: 0.png
Can't load resource: 0.png
Can't load resource: 0.png
Can't load resource: 0.png
Can't load resource: 0.png
Can't load resource: 0.png
Can't load resource: 0.png
Can't load resource: 0.png
Can't load resource: 0.png
Can't load resource: 0.png
Can't load resource: 0.png
Can't load resource: 0.png
Can't load resource: 0.png
Can't load resource: 0.png
Can't load resource: 0.png
Can't load resource: 0.png
Can't load resource: 0.png
Can't load resource: 0.png
Can't load resource: 0.png
Can't load resource: 0.png
Can't load resource: 0.png
Can't load resource: 0.png
Can't load resource: 0.png
Can't load resource: 0.png
Can't load resource: 0.png
Can't load resource: 0.png
Can't load resource: 0.png
Can't load resource: 0.png
Can't load resource: 0.png
Can't load resource: 0.png
Can't load resource: 0.png
Can't load resource: 0.png
Can't load resource: 0.png
Can't load resource: 0.png
Can't load resource: 0.png
Can't load resource: 0.png
Can't load resource: 0.png
Can't load resource: 0.png
Can't load resource: 0.png
Can't load resource: 0.png
Can't load resource: 0.png
Can't load resource: 0.png
Can't load resource: 0.png
Can't load resource: 0.png
Can't load resource: 0.png
Can't load resource: 0.png
Can't load resource: 0.png
Can't load resource: 0.png
Can't load resource: 0.png
Can't load resource: 0.png
Can't load resource: 0.png
Can't load resource: 0.png
Can't load resource: 0.png
Can't load resource: 0.png
Can't load resource: 0.png
Can't load resource: 0.png
Can't load resource: 0.png
Can't load resource: 0.png
Can't load resource: 0.png
Can't load resource: 0.png
Can't load resource: 0.png
Can't load resource: 0.png
Can't load resource: 0.png
Can't load resource: 0.png
Can't load resource: 0.png
Can't load resource: 0.png
Can't load resource: 0.png
Can't load resource: 0.png
Can't load resource: 0.png
Can't load resource: 0.png
Can't load resource: 0.png
Can't load resource: 0.png
Can't load resource: 0.png
Can't load resource: 0.png
Can't load resource: 0.png
Can't load resource: 0.png
Can't load resource: 0.png
Can't load resource: 0.png
Can't load resource: 0.png
Can't load resource: 0.png
Can't load resource: 0.png
Can't load resource: 0.png
Can't load resource: 0.png
Can't load resource: 0.png
Can't load resource: 0.png
Can't load resource: 0.png
Can't load resource: 0.png
Can't load resource: 0.png
Can't load resource: 0.png
Can't load resource: 0.png
Can't load resource: 0.png
Can't load resource: 0.png
Can't load resource: 0.png
Can't load resource: 0.png
Can't load resource: 0.png
Can't load resource: 0.png
Can't load resource: 0.png
Can't load resource: 0.png
Can't load resource: 0.png
Can't load resource: 0.png
Can't load resource: 0.png
Can't load resource: 0.png
Can't load resource: 0.png
Can't load resource: 0.png
Can't load resource: 0.png
Can't load resource: 0.png
Can't load resource: 0.png
Can't load resource: 0.png
Can't load resource: 0.png
Can't load resource: 0.png
Can't load resource: 0.png
Can't load resource: 0.png
Can't load resource: 0.png
Can't load resource: 0.png
Can't load resource: 0.png
Can't load resource: 0.png
Can't load resource: 0.png
Can't load resource: 0.png
Can't load resource: 0.png
Can't load resource: 0.png
Can't load resource: 0.png
Can't load resource: 0.png
Can't load resource: 0.png
Can't load resource: 0.png
Can't load resource: 0.png
Can't load resource: 0.png
Can't load resource: 0.png
Can't load resource: 0.png
Can't load resource: 0.png
Can't load resource: 0.png
Can't load resource: 0.png
Can't load resource: 0.png
Can't load resource: 0.png
Can't load resource: 0.png
Can't load resource: 0.png
Can't load resource: 0.png
Can't load resource: 0.png
Can't load resource: 0.png
Can't load resource: 0.png
Can't load resource: 0.png
Can't load resource: 0.png
Can't load resource: 0.png
Can't load resource: 0.png
Can't load resource: 0.png
Can't load resource: 0.png
Can't load resource: 0.png
Can't load resource: 0.png
Can't load resource: 0.png
Can't load resource: 0.png
Can't load resource: 0.png
Can't load resource: 0.png
Can't load resource: 0.png
Can't load resource: 0.png
Can't load resource: 0.png
Can't load resource: 0.png
Can't load resource: 0.png
Can't load resource: 0.png
Can't load resource: 0.png
Can't load resource: 0.png
Can't load resource: 0.png
Can't load resource: 0.png
Can't load resource: 0.png
Can't load resource: 0.png
Can't load resource: 0.png
Can't load resource: 0.png
Can't load resource: 0.png
Can't load resource: 0.png
Can't load resource: 0.png
Can't load resource: 0.png
Can't load resource: 0.png
Can't load resource: 0.png
Can't load resource: 0.png
Can't load resource: 0.png
Can't load resource: 0.png
Can't load resource: 0.png
Can't load resource: 0.png
Can't load resource: 0.png
Can't load resource: 0.png
Can't load resource: 0.png
Can't load resource: 0.png
Can't load resource: 0.png
Can't load resource: 0.png
Can't load resource: 0.png
Can't load resource: 0.png
Can't load resource: 0.png
Can't load resource: 0.png
Can't load resource: 0.png
Can't load resource: 0.png
Can't load resource: 0.png
Can't load resource: 0.png
Can't load resource: 0.png
Can't load resource: 0.png
Can't load resource: 0.png
Can't load resource: 0.png
Can't load resource: 0.png
Can't load resource: 0.png
Can't load resource: 0.png
Can't load resource: 0.png
Can't load resource: 0.png
Can't load resource: 0.png
Can't load resource: 0.png
Can't load resource: 0.png
Can't load resource: 0.png
Can't load resource: 0.png
Can't load resource: 0.png
Can't load resource: 0.png
Can't load resource: 0.png
Can't load resource: 0.png
Can't load resource: 0.png
Can't load resource: 0.png
Can't load resource: 0.png
Can't load resource: 0.png
Can't load resource: 0.png
Can't load resource: 0.png
Can't load resource: 0.png
Can't load resource: 0.png
Can't load resource: 0.png
Can't load resource: 0.png
Can't load resource: 0.png
Can't load resource: 0.png
Can't load resource: 0.png
Can't load resource: 0.png
Can't load resource: 0.png
Can't load resource: 0.png
Can't load resource: 0.png
Can't load resource: 0.png
Can't load resource: 0.png
Can't load resource: 0.png
